app/build/outputs/logs/manifest-merger-debug-report.txt
-- Merging decision tree log ---
manifest
ADDED from src\main\AndroidManifest.xml:2:1-134:12
INJECTED from src\main\AndroidManifest.xml:2:1-134:12
INJECTED from src\main\AndroidManifest.xml:2:1-134:12
INJECTED from src\main\AndroidManifest.xml:2:1-134:12
MERGED from [:Material-Calender] AndroidManifest.xml:2:1-17:12
MERGED from [com.android.support.constraint:constraint-layout:1.1.3] AndroidManifest.xml:2:1-11:12
MERGED from [com.github.clans:fab:1.6.4] AndroidManifest.xml:2:1-14:12
MERGED from [com.github.daniel-stoneuk:material-about-library:2.3.0] AndroidManifest.xml:2:1-11:12
MERGED from [com.android.support:design:27.1.1] AndroidManifest.xml:17:1-22:12
MERGED from [com.firebaseui:firebase-ui-storage:4.0.1] AndroidManifest.xml:2:1-11:12
MERGED from [com.google.android.gms:play-services-maps:15.0.1] AndroidManifest.xml:17:1-32:12
MERGED from [com.google.firebase:firebase-database:16.0.2] AndroidManifest.xml:15:1-22:12
MERGED from [com.google.firebase:firebase-auth:16.0.3] AndroidManifest.xml:17:1-38:12
MERGED from [com.google.firebase:firebase-messaging:17.3.2] AndroidManifest.xml:17:1-37:12
MERGED from [com.google.android.gms:play-services-flags:15.0.1] AndroidManifest.xml:17:1-22:12
MERGED from [com.google.firebase:firebase-auth-interop:16.0.0] AndroidManifest.xml:2:1-10:12
MERGED from [com.google.firebase:firebase-storage:16.0.2] AndroidManifest.xml:15:1-26:12
MERGED from [com.google.firebase:firebase-core:16.0.3] AndroidManifest.xml:2:1-9:12
MERGED from [com.google.firebase:firebase-measurement-connector-impl:17.0.1] AndroidManifest.xml:17:1-34:12
MERGED from [com.google.firebase:firebase-analytics:16.0.3] AndroidManifest.xml:17:1-55:12
MERGED from [com.google.android.gms:play-services-measurement-api:16.0.1] AndroidManifest.xml:17:1-25:12
MERGED from [com.google.firebase:firebase-analytics-impl:16.2.1] AndroidManifest.xml:17:1-40:12
MERGED from [com.google.firebase:firebase-iid:17.0.2] AndroidManifest.xml:17:1-59:12
MERGED from [com.google.firebase:firebase-iid-interop:16.0.0] AndroidManifest.xml:2:1-10:12
MERGED from [com.google.android.gms:play-services-base:15.0.1] AndroidManifest.xml:17:1-29:12
MERGED from [com.google.firebase:firebase-common:16.0.2] AndroidManifest.xml:2:1-17:12
MERGED from [com.google.android.gms:play-services-tasks:15.0.1] AndroidManifest.xml:2:1-9:12
MERGED from [com.google.firebase:firebase-database-collection:15.0.1] AndroidManifest.xml:2:1-8:12
MERGED from [com.google.android.gms:play-services-stats:15.0.1] AndroidManifest.xml:2:1-9:12
MERGED from [com.google.android.gms:play-services-ads-identifier:15.0.1] AndroidManifest.xml:17:1-24:12
MERGED from [com.google.firebase:firebase-measurement-connector:17.0.0] AndroidManifest.xml:17:1-25:12
MERGED from [com.google.android.gms:play-services-basement:15.0.1] AndroidManifest.xml:17:1-28:12
MERGED from [com.android.support:support-v4:27.1.1] AndroidManifest.xml:17:1-22:12
MERGED from [com.mikepenz:aboutlibraries:6.1.1] AndroidManifest.xml:2:1-15:12
MERGED from [com.github.transferwise:sequence-layout:1.0.7] AndroidManifest.xml:2:1-11:12
MERGED from [com.mikepenz:iconics-core:3.0.4] AndroidManifest.xml:2:1-11:12
MERGED from [com.mikepenz:fastadapter:3.2.7] AndroidManifest.xml:2:1-11:12
MERGED from [com.android.support:appcompat-v7:27.1.1] AndroidManifest.xml:17:1-22:12
MERGED from [com.android.support:recyclerview-v7:27.1.1] AndroidManifest.xml:17:1-22:12
MERGED from [com.android.support:cardview-v7:27.1.1] AndroidManifest.xml:17:1-22:12
MERGED from [com.android.support:palette-v7:27.1.1] AndroidManifest.xml:17:1-22:12
MERGED from [com.intuit.sdp:sdp-android:1.0.5] AndroidManifest.xml:2:1-11:12
MERGED from [de.hdodenhof:circleimageview:2.0.0] AndroidManifest.xml:2:1-11:12
MERGED from [com.github.traex.rippleeffect:library:1.3] AndroidManifest.xml:2:1-14:12
MERGED from [com.github.bhargavms:DotLoader:1.1.1] AndroidManifest.xml:2:1-16:12
MERGED from [com.github.bumptech.glide:glide:4.7.1] AndroidManifest.xml:2:1-13:12
MERGED from [com.android.support:support-fragment:27.1.1] AndroidManifest.xml:17:1-22:12
MERGED from [com.android.support:animated-vector-drawable:27.1.1] AndroidManifest.xml:17:1-22:12
MERGED from [com.android.support:support-core-ui:27.1.1] AndroidManifest.xml:17:1-22:12
MERGED from [com.android.support:support-core-utils:27.1.1] AndroidManifest.xml:17:1-22:12
MERGED from [com.android.support:transition:27.1.1] AndroidManifest.xml:17:1-22:12
MERGED from [com.android.support:support-vector-drawable:27.1.1] AndroidManifest.xml:17:1-22:12
MERGED from [com.android.support:support-media-compat:27.1.1] AndroidManifest.xml:17:1-22:12
MERGED from [com.android.support:support-compat:27.1.1] AndroidManifest.xml:17:1-22:12
MERGED from [com.github.bumptech.glide:gifdecoder:4.7.1] AndroidManifest.xml:2:1-11:12
MERGED from [android.arch.lifecycle:runtime:1.1.1] AndroidManifest.xml:17:1-22:12
MERGED from [android.arch.lifecycle:livedata-core:1.1.0] AndroidManifest.xml:17:1-22:12
MERGED from [android.arch.core:runtime:1.1.1] AndroidManifest.xml:17:1-22:12
MERGED from [android.arch.lifecycle:viewmodel:1.1.0] AndroidManifest.xml:17:1-22:12
MERGED from [com.google.android.gms:play-services-measurement-base:16.0.2] AndroidManifest.xml:2:1-9:12
INJECTED from src\main\AndroidManifest.xml:2:1-134:12
INJECTED from src\main\AndroidManifest.xml:2:1-134:12
INJECTED from src\main\AndroidManifest.xml:2:1-134:12
	package
		ADDED from src\main\AndroidManifest.xml:3:5-31
		INJECTED from src\main\AndroidManifest.xml
		INJECTED from src\main\AndroidManifest.xml
	android:versionName
		INJECTED from src\main\AndroidManifest.xml
		ADDED from src\main\AndroidManifest.xml:2:1-134:12
		INJECTED from src\main\AndroidManifest.xml
	android:versionCode
		INJECTED from src\main\AndroidManifest.xml
		ADDED from src\main\AndroidManifest.xml:2:1-134:12
		INJECTED from src\main\AndroidManifest.xml
	xmlns:android
		ADDED from src\main\AndroidManifest.xml:2:11-69
uses-feature#android.hardware.camera
ADDED from src\main\AndroidManifest.xml:5:5-60
	android:name
		ADDED from src\main\AndroidManifest.xml:5:19-57
uses-feature#android.hardware.camera.autofocus
ADDED from src\main\AndroidManifest.xml:6:5-8:36
	android:required
		ADDED from src\main\AndroidManifest.xml:8:9-33
	android:name
		ADDED from src\main\AndroidManifest.xml:7:9-57
uses-permission#android.permission.CAMERA
ADDED from src\main\AndroidManifest.xml:10:5-65
	android:name
		ADDED from src\main\AndroidManifest.xml:10:22-62
uses-permission#android.permission.ACCESS_FINE_LOCATION
ADDED from src\main\AndroidManifest.xml:11:5-79
	android:name
		ADDED from src\main\AndroidManifest.xml:11:22-76
uses-permission#android.permission.ACCESS_COARSE_LOCATION
ADDED from src\main\AndroidManifest.xml:12:5-81
	android:name
		ADDED from src\main\AndroidManifest.xml:12:22-78
uses-permission#android.permission.INTERNET
ADDED from src\main\AndroidManifest.xml:13:5-67
MERGED from [com.google.android.gms:play-services-maps:15.0.1] AndroidManifest.xml:24:5-67
MERGED from [com.google.android.gms:play-services-maps:15.0.1] AndroidManifest.xml:24:5-67
MERGED from [com.google.firebase:firebase-storage:16.0.2] AndroidManifest.xml:24:5-67
MERGED from [com.google.firebase:firebase-storage:16.0.2] AndroidManifest.xml:24:5-67
MERGED from [com.google.firebase:firebase-measurement-connector-impl:17.0.1] AndroidManifest.xml:22:5-67
MERGED from [com.google.firebase:firebase-measurement-connector-impl:17.0.1] AndroidManifest.xml:22:5-67
MERGED from [com.google.firebase:firebase-analytics:16.0.3] AndroidManifest.xml:23:5-67
MERGED from [com.google.firebase:firebase-analytics:16.0.3] AndroidManifest.xml:23:5-67
MERGED from [com.google.firebase:firebase-analytics-impl:16.2.1] AndroidManifest.xml:23:5-67
MERGED from [com.google.firebase:firebase-analytics-impl:16.2.1] AndroidManifest.xml:23:5-67
MERGED from [com.google.firebase:firebase-iid:17.0.2] AndroidManifest.xml:23:5-67
MERGED from [com.google.firebase:firebase-iid:17.0.2] AndroidManifest.xml:23:5-67
	android:name
		ADDED from src\main\AndroidManifest.xml:13:22-64
uses-permission#android.permission.WRITE_EXTERNAL_STORAGE
ADDED from src\main\AndroidManifest.xml:14:5-81
	android:name
		ADDED from src\main\AndroidManifest.xml:14:22-78
uses-permission#android.permission.READ_EXTERNAL_STORAGE
ADDED from src\main\AndroidManifest.xml:15:5-80
	android:name
		ADDED from src\main\AndroidManifest.xml:15:22-77
application
ADDED from src\main\AndroidManifest.xml:17:5-132:19
MERGED from [:Material-Calender] AndroidManifest.xml:11:5-15:19
MERGED from [:Material-Calender] AndroidManifest.xml:11:5-15:19
MERGED from [com.android.support.constraint:constraint-layout:1.1.3] AndroidManifest.xml:9:5-20
MERGED from [com.android.support.constraint:constraint-layout:1.1.3] AndroidManifest.xml:9:5-20
MERGED from [com.github.clans:fab:1.6.4] AndroidManifest.xml:12:5-20
MERGED from [com.github.clans:fab:1.6.4] AndroidManifest.xml:12:5-20
MERGED from [com.google.android.gms:play-services-maps:15.0.1] AndroidManifest.xml:30:5-20
MERGED from [com.google.android.gms:play-services-maps:15.0.1] AndroidManifest.xml:30:5-20
MERGED from [com.google.firebase:firebase-auth:16.0.3] AndroidManifest.xml:22:5-36:19
MERGED from [com.google.firebase:firebase-auth:16.0.3] AndroidManifest.xml:22:5-36:19
MERGED from [com.google.firebase:firebase-messaging:17.3.2] AndroidManifest.xml:22:5-35:19
MERGED from [com.google.firebase:firebase-messaging:17.3.2] AndroidManifest.xml:22:5-35:19
MERGED from [com.google.firebase:firebase-auth-interop:16.0.0] AndroidManifest.xml:7:5-8:19
MERGED from [com.google.firebase:firebase-auth-interop:16.0.0] AndroidManifest.xml:7:5-8:19
MERGED from [com.google.firebase:firebase-core:16.0.3] AndroidManifest.xml:7:5-20
MERGED from [com.google.firebase:firebase-core:16.0.3] AndroidManifest.xml:7:5-20
MERGED from [com.google.firebase:firebase-measurement-connector-impl:17.0.1] AndroidManifest.xml:26:5-32:19
MERGED from [com.google.firebase:firebase-measurement-connector-impl:17.0.1] AndroidManifest.xml:26:5-32:19
MERGED from [com.google.firebase:firebase-analytics:16.0.3] AndroidManifest.xml:28:5-53:19
MERGED from [com.google.firebase:firebase-analytics:16.0.3] AndroidManifest.xml:28:5-53:19
MERGED from [com.google.android.gms:play-services-measurement-api:16.0.1] AndroidManifest.xml:22:5-23:19
MERGED from [com.google.android.gms:play-services-measurement-api:16.0.1] AndroidManifest.xml:22:5-23:19
MERGED from [com.google.firebase:firebase-analytics-impl:16.2.1] AndroidManifest.xml:28:5-38:19
MERGED from [com.google.firebase:firebase-analytics-impl:16.2.1] AndroidManifest.xml:28:5-38:19
MERGED from [com.google.firebase:firebase-iid:17.0.2] AndroidManifest.xml:28:5-57:19
MERGED from [com.google.firebase:firebase-iid:17.0.2] AndroidManifest.xml:28:5-57:19
MERGED from [com.google.firebase:firebase-iid-interop:16.0.0] AndroidManifest.xml:7:5-8:19
MERGED from [com.google.firebase:firebase-iid-interop:16.0.0] AndroidManifest.xml:7:5-8:19
MERGED from [com.google.android.gms:play-services-base:15.0.1] AndroidManifest.xml:22:5-27:19
MERGED from [com.google.android.gms:play-services-base:15.0.1] AndroidManifest.xml:22:5-27:19
MERGED from [com.google.firebase:firebase-common:16.0.2] AndroidManifest.xml:9:5-15:19
MERGED from [com.google.firebase:firebase-common:16.0.2] AndroidManifest.xml:9:5-15:19
MERGED from [com.google.android.gms:play-services-tasks:15.0.1] AndroidManifest.xml:7:5-20
MERGED from [com.google.android.gms:play-services-tasks:15.0.1] AndroidManifest.xml:7:5-20
MERGED from [com.google.android.gms:play-services-stats:15.0.1] AndroidManifest.xml:7:5-20
MERGED from [com.google.android.gms:play-services-stats:15.0.1] AndroidManifest.xml:7:5-20
MERGED from [com.google.android.gms:play-services-ads-identifier:15.0.1] AndroidManifest.xml:22:5-20
MERGED from [com.google.android.gms:play-services-ads-identifier:15.0.1] AndroidManifest.xml:22:5-20
MERGED from [com.google.firebase:firebase-measurement-connector:17.0.0] AndroidManifest.xml:22:5-23:19
MERGED from [com.google.firebase:firebase-measurement-connector:17.0.0] AndroidManifest.xml:22:5-23:19
MERGED from [com.google.android.gms:play-services-basement:15.0.1] AndroidManifest.xml:22:5-26:19
MERGED from [com.google.android.gms:play-services-basement:15.0.1] AndroidManifest.xml:22:5-26:19
MERGED from [com.mikepenz:aboutlibraries:6.1.1] AndroidManifest.xml:11:5-13:19
MERGED from [com.mikepenz:aboutlibraries:6.1.1] AndroidManifest.xml:11:5-13:19
MERGED from [de.hdodenhof:circleimageview:2.0.0] AndroidManifest.xml:9:5-20
MERGED from [de.hdodenhof:circleimageview:2.0.0] AndroidManifest.xml:9:5-20
MERGED from [com.github.traex.rippleeffect:library:1.3] AndroidManifest.xml:12:5-20
MERGED from [com.github.traex.rippleeffect:library:1.3] AndroidManifest.xml:12:5-20
MERGED from [com.github.bhargavms:DotLoader:1.1.1] AndroidManifest.xml:11:5-14:19
MERGED from [com.github.bhargavms:DotLoader:1.1.1] AndroidManifest.xml:11:5-14:19
MERGED from [com.github.bumptech.glide:glide:4.7.1] AndroidManifest.xml:11:5-20
MERGED from [com.github.bumptech.glide:glide:4.7.1] AndroidManifest.xml:11:5-20
MERGED from [com.github.bumptech.glide:gifdecoder:4.7.1] AndroidManifest.xml:9:5-20
MERGED from [com.github.bumptech.glide:gifdecoder:4.7.1] AndroidManifest.xml:9:5-20
MERGED from [com.google.android.gms:play-services-measurement-base:16.0.2] AndroidManifest.xml:7:5-20
MERGED from [com.google.android.gms:play-services-measurement-base:16.0.2] AndroidManifest.xml:7:5-20
	android:supportsRtl
		ADDED from src\main\AndroidManifest.xml:23:9-35
	android:label
		ADDED from src\main\AndroidManifest.xml:21:9-41
	android:roundIcon
		ADDED from src\main\AndroidManifest.xml:22:9-54
	android:icon
		ADDED from src\main\AndroidManifest.xml:20:9-43
	android:allowBackup
		ADDED from src\main\AndroidManifest.xml:19:9-35
	android:theme
		ADDED from src\main\AndroidManifest.xml:24:9-40
	android:name
		ADDED from src\main\AndroidManifest.xml:18:9-42
activity#car.com.cartique.LoginActivity
ADDED from src\main\AndroidManifest.xml:25:9-31:20
	android:name
		ADDED from src\main\AndroidManifest.xml:25:19-48
intent-filter#action:name:android.intent.action.MAIN+category:name:android.intent.category.LAUNCHER
ADDED from src\main\AndroidManifest.xml:26:13-30:29
action#android.intent.action.MAIN
ADDED from src\main\AndroidManifest.xml:27:17-69
	android:name
		ADDED from src\main\AndroidManifest.xml:27:25-66
category#android.intent.category.LAUNCHER
ADDED from src\main\AndroidManifest.xml:29:17-77
	android:name
		ADDED from src\main\AndroidManifest.xml:29:27-74
activity#car.com.cartique.SearchableActivity
ADDED from src\main\AndroidManifest.xml:32:9-43:20
	android:screenOrientation
		ADDED from src\main\AndroidManifest.xml:35:13-49
	android:label
		ADDED from src\main\AndroidManifest.xml:34:13-35
	android:name
		ADDED from src\main\AndroidManifest.xml:33:13-47
meta-data#android.app.searchable
ADDED from src\main\AndroidManifest.xml:36:13-38:54
	android:resource
		ADDED from src\main\AndroidManifest.xml:38:17-51
	android:name
		ADDED from src\main\AndroidManifest.xml:37:17-54
intent-filter#action:name:android.intent.action.SEARCH
ADDED from src\main\AndroidManifest.xml:40:13-42:29
action#android.intent.action.SEARCH
ADDED from src\main\AndroidManifest.xml:41:17-71
	android:name
		ADDED from src\main\AndroidManifest.xml:41:25-68
activity#car.com.cartique.SignupActivity
ADDED from src\main\AndroidManifest.xml:44:9-47:52
	android:screenOrientation
		ADDED from src\main\AndroidManifest.xml:47:13-49
	android:label
		ADDED from src\main\AndroidManifest.xml:46:13-36
	android:name
		ADDED from src\main\AndroidManifest.xml:45:13-43
activity#car.com.cartique.MainActivity
ADDED from src\main\AndroidManifest.xml:48:9-51:52
	android:screenOrientation
		ADDED from src\main\AndroidManifest.xml:51:13-49
	android:label
		ADDED from src\main\AndroidManifest.xml:50:13-37
	android:name
		ADDED from src\main\AndroidManifest.xml:49:13-41
activity#car.com.cartique.ResetPasswordActivity
ADDED from src\main\AndroidManifest.xml:52:9-55:52
	android:screenOrientation
		ADDED from src\main\AndroidManifest.xml:55:13-49
	android:label
		ADDED from src\main\AndroidManifest.xml:54:13-43
	android:name
		ADDED from src\main\AndroidManifest.xml:53:13-50
activity#car.com.cartique.ResultsActivity
ADDED from src\main\AndroidManifest.xml:56:9-59:52
	android:screenOrientation
		ADDED from src\main\AndroidManifest.xml:59:13-49
	android:label
		ADDED from src\main\AndroidManifest.xml:58:13-35
	android:name
		ADDED from src\main\AndroidManifest.xml:57:13-44
activity#car.com.cartique.RecordOrderDetails
ADDED from src\main\AndroidManifest.xml:60:9-63:52
	android:screenOrientation
		ADDED from src\main\AndroidManifest.xml:63:13-49
	android:label
		ADDED from src\main\AndroidManifest.xml:62:13-42
	android:name
		ADDED from src\main\AndroidManifest.xml:61:13-47
activity#car.com.cartique.QuotesActivity
ADDED from src\main\AndroidManifest.xml:64:9-67:52
	android:screenOrientation
		ADDED from src\main\AndroidManifest.xml:67:13-49
	android:label
		ADDED from src\main\AndroidManifest.xml:66:13-35
	android:name
		ADDED from src\main\AndroidManifest.xml:65:13-43
activity#car.com.cartique.ServiceBookDetails
ADDED from src\main\AndroidManifest.xml:68:9-71:52
	android:screenOrientation
		ADDED from src\main\AndroidManifest.xml:71:13-49
	android:label
		ADDED from src\main\AndroidManifest.xml:70:13-36
	android:name
		ADDED from src\main\AndroidManifest.xml:69:13-47
activity#car.com.cartique.RecordOrderActivity
ADDED from src\main\AndroidManifest.xml:72:9-75:52
	android:screenOrientation
		ADDED from src\main\AndroidManifest.xml:75:13-49
	android:label
		ADDED from src\main\AndroidManifest.xml:74:13-35
	android:name
		ADDED from src\main\AndroidManifest.xml:73:13-48
activity#car.com.cartique.UserProfileActivity
ADDED from src\main\AndroidManifest.xml:76:9-79:52
	android:screenOrientation
		ADDED from src\main\AndroidManifest.xml:79:13-49
	android:label
		ADDED from src\main\AndroidManifest.xml:78:13-36
	android:name
		ADDED from src\main\AndroidManifest.xml:77:13-48
activity#car.com.cartique.CompleteSignUpCarActivity
ADDED from src\main\AndroidManifest.xml:80:9-83:52
	android:screenOrientation
		ADDED from src\main\AndroidManifest.xml:83:13-49
	android:label
		ADDED from src\main\AndroidManifest.xml:82:13-36
	android:name
		ADDED from src\main\AndroidManifest.xml:81:13-54
service#car.com.cartique.service.MyFirebaseMessagingService
ADDED from src\main\AndroidManifest.xml:85:9-89:19
	android:name
		ADDED from src\main\AndroidManifest.xml:85:18-68
intent-filter#action:name:com.google.firebase.MESSAGING_EVENT
ADDED from src\main\AndroidManifest.xml:86:13-88:29
action#com.google.firebase.MESSAGING_EVENT
ADDED from src\main\AndroidManifest.xml:87:17-78
	android:name
		ADDED from src\main\AndroidManifest.xml:87:25-75
service#car.com.cartique.service.FirebaseInstanceIDService
ADDED from src\main\AndroidManifest.xml:90:9-94:19
	android:name
		ADDED from src\main\AndroidManifest.xml:90:18-67
intent-filter#action:name:com.google.firebase.INSTANCE_ID_EVENT
ADDED from src\main\AndroidManifest.xml:91:13-93:29
action#com.google.firebase.INSTANCE_ID_EVENT
ADDED from src\main\AndroidManifest.xml:92:17-80
	android:name
		ADDED from src\main\AndroidManifest.xml:92:25-77
receiver#car.com.cartique.service.MyAlarmReceiver
ADDED from src\main\AndroidManifest.xml:95:9-97:40
	android:process
		ADDED from src\main\AndroidManifest.xml:97:13-38
	android:name
		ADDED from src\main\AndroidManifest.xml:96:13-52
service#car.com.cartique.service.MyTestService
ADDED from src\main\AndroidManifest.xml:99:9-101:40
	android:exported
		ADDED from src\main\AndroidManifest.xml:101:13-37
	android:name
		ADDED from src\main\AndroidManifest.xml:100:13-50
meta-data#com.google.android.gms.version
ADDED from src\main\AndroidManifest.xml:103:9-105:69
MERGED from [com.google.android.gms:play-services-basement:15.0.1] AndroidManifest.xml:23:9-25:69
MERGED from [com.google.android.gms:play-services-basement:15.0.1] AndroidManifest.xml:23:9-25:69
	android:value
		ADDED from src\main\AndroidManifest.xml:105:13-66
	android:name
		ADDED from src\main\AndroidManifest.xml:104:13-58
meta-data#com.google.android.geo.API_KEY
ADDED from src\main\AndroidManifest.xml:106:9-108:55
	android:value
		ADDED from src\main\AndroidManifest.xml:108:13-52
	android:name
		ADDED from src\main\AndroidManifest.xml:107:13-58
activity#car.com.cartique.CompleteSignUpActivity
ADDED from src\main\AndroidManifest.xml:110:9-112:71
	android:label
		ADDED from src\main\AndroidManifest.xml:112:13-68
	android:name
		ADDED from src\main\AndroidManifest.xml:111:13-51
activity#car.com.cartique.QuoteDetailsActivity
ADDED from src\main\AndroidManifest.xml:113:9-58
	android:name
		ADDED from src\main\AndroidManifest.xml:113:19-55
activity#car.com.cartique.about.AboutActivity
ADDED from src\main\AndroidManifest.xml:114:9-116:69
	android:theme
		ADDED from src\main\AndroidManifest.xml:116:13-66
	android:name
		ADDED from src\main\AndroidManifest.xml:115:13-48
activity#car.com.cartique.calender.CalenderActivity
ADDED from src\main\AndroidManifest.xml:117:9-120:52
	android:screenOrientation
		ADDED from src\main\AndroidManifest.xml:120:13-49
	android:label
		ADDED from src\main\AndroidManifest.xml:119:13-36
	android:name
		ADDED from src\main\AndroidManifest.xml:118:13-54
activity#car.com.cartique.about.PrivacyPolicyActivity
ADDED from src\main\AndroidManifest.xml:121:9-124:52
	android:screenOrientation
		ADDED from src\main\AndroidManifest.xml:124:13-49
	android:label
		ADDED from src\main\AndroidManifest.xml:123:13-36
	android:name
		ADDED from src\main\AndroidManifest.xml:122:13-56
activity#car.com.cartique.about.TermsActivity
ADDED from src\main\AndroidManifest.xml:125:9-128:52
	android:screenOrientation
		ADDED from src\main\AndroidManifest.xml:128:13-49
	android:label
		ADDED from src\main\AndroidManifest.xml:127:13-49
	android:name
		ADDED from src\main\AndroidManifest.xml:126:13-48
activity#car.com.cartique.OrderStatusActivity
ADDED from src\main\AndroidManifest.xml:129:9-131:51
	android:screenOrientation
		ADDED from src\main\AndroidManifest.xml:131:13-49
	android:label
		ADDED from src\main\AndroidManifest.xml:130:13-41
	android:name
		ADDED from src\main\AndroidManifest.xml:129:19-54
uses-sdk
INJECTED from src\main\AndroidManifest.xml reason: use-sdk injection requested
INJECTED from src\main\AndroidManifest.xml
INJECTED from src\main\AndroidManifest.xml
MERGED from [:Material-Calender] AndroidManifest.xml:7:5-9:41
MERGED from [:Material-Calender] AndroidManifest.xml:7:5-9:41
MERGED from [com.android.support.constraint:constraint-layout:1.1.3] AndroidManifest.xml:5:5-7:41
MERGED from [com.android.support.constraint:constraint-layout:1.1.3] AndroidManifest.xml:5:5-7:41
MERGED from [com.github.clans:fab:1.6.4] AndroidManifest.xml:8:5-10:41
MERGED from [com.github.clans:fab:1.6.4] AndroidManifest.xml:8:5-10:41
MERGED from [com.github.daniel-stoneuk:material-about-library:2.3.0] AndroidManifest.xml:7:5-9:41
MERGED from [com.github.daniel-stoneuk:material-about-library:2.3.0] AndroidManifest.xml:7:5-9:41
MERGED from [com.android.support:design:27.1.1] AndroidManifest.xml:20:5-44
MERGED from [com.android.support:design:27.1.1] AndroidManifest.xml:20:5-44
MERGED from [com.firebaseui:firebase-ui-storage:4.0.1] AndroidManifest.xml:7:5-9:41
MERGED from [com.firebaseui:firebase-ui-storage:4.0.1] AndroidManifest.xml:7:5-9:41
MERGED from [com.google.android.gms:play-services-maps:15.0.1] AndroidManifest.xml:20:5-44
MERGED from [com.google.android.gms:play-services-maps:15.0.1] AndroidManifest.xml:20:5-44
MERGED from [com.google.firebase:firebase-database:16.0.2] AndroidManifest.xml:18:5-20:41
MERGED from [com.google.firebase:firebase-database:16.0.2] AndroidManifest.xml:18:5-20:41
MERGED from [com.google.firebase:firebase-auth:16.0.3] AndroidManifest.xml:20:5-44
MERGED from [com.google.firebase:firebase-auth:16.0.3] AndroidManifest.xml:20:5-44
MERGED from [com.google.firebase:firebase-messaging:17.3.2] AndroidManifest.xml:20:5-44
MERGED from [com.google.firebase:firebase-messaging:17.3.2] AndroidManifest.xml:20:5-44
MERGED from [com.google.android.gms:play-services-flags:15.0.1] AndroidManifest.xml:20:5-44
MERGED from [com.google.android.gms:play-services-flags:15.0.1] AndroidManifest.xml:20:5-44
MERGED from [com.google.firebase:firebase-auth-interop:16.0.0] AndroidManifest.xml:5:5-44
MERGED from [com.google.firebase:firebase-auth-interop:16.0.0] AndroidManifest.xml:5:5-44
MERGED from [com.google.firebase:firebase-storage:16.0.2] AndroidManifest.xml:19:5-21:41
MERGED from [com.google.firebase:firebase-storage:16.0.2] AndroidManifest.xml:19:5-21:41
MERGED from [com.google.firebase:firebase-core:16.0.3] AndroidManifest.xml:5:5-44
MERGED from [com.google.firebase:firebase-core:16.0.3] AndroidManifest.xml:5:5-44
MERGED from [com.google.firebase:firebase-measurement-connector-impl:17.0.1] AndroidManifest.xml:20:5-44
MERGED from [com.google.firebase:firebase-measurement-connector-impl:17.0.1] AndroidManifest.xml:20:5-44
MERGED from [com.google.firebase:firebase-analytics:16.0.3] AndroidManifest.xml:20:5-44
MERGED from [com.google.firebase:firebase-analytics:16.0.3] AndroidManifest.xml:20:5-44
MERGED from [com.google.android.gms:play-services-measurement-api:16.0.1] AndroidManifest.xml:20:5-44
MERGED from [com.google.android.gms:play-services-measurement-api:16.0.1] AndroidManifest.xml:20:5-44
MERGED from [com.google.firebase:firebase-analytics-impl:16.2.1] AndroidManifest.xml:20:5-44
MERGED from [com.google.firebase:firebase-analytics-impl:16.2.1] AndroidManifest.xml:20:5-44
MERGED from [com.google.firebase:firebase-iid:17.0.2] AndroidManifest.xml:20:5-44
MERGED from [com.google.firebase:firebase-iid:17.0.2] AndroidManifest.xml:20:5-44
MERGED from [com.google.firebase:firebase-iid-interop:16.0.0] AndroidManifest.xml:5:5-44
MERGED from [com.google.firebase:firebase-iid-interop:16.0.0] AndroidManifest.xml:5:5-44
MERGED from [com.google.android.gms:play-services-base:15.0.1] AndroidManifest.xml:20:5-44
MERGED from [com.google.android.gms:play-services-base:15.0.1] AndroidManifest.xml:20:5-44
MERGED from [com.google.firebase:firebase-common:16.0.2] AndroidManifest.xml:5:5-7:41
MERGED from [com.google.firebase:firebase-common:16.0.2] AndroidManifest.xml:5:5-7:41
MERGED from [com.google.android.gms:play-services-tasks:15.0.1] AndroidManifest.xml:5:5-44
MERGED from [com.google.android.gms:play-services-tasks:15.0.1] AndroidManifest.xml:5:5-44
MERGED from [com.google.firebase:firebase-database-collection:15.0.1] AndroidManifest.xml:6:5-44
MERGED from [com.google.firebase:firebase-database-collection:15.0.1] AndroidManifest.xml:6:5-44
MERGED from [com.google.android.gms:play-services-stats:15.0.1] AndroidManifest.xml:5:5-44
MERGED from [com.google.android.gms:play-services-stats:15.0.1] AndroidManifest.xml:5:5-44
MERGED from [com.google.android.gms:play-services-ads-identifier:15.0.1] AndroidManifest.xml:20:5-44
MERGED from [com.google.android.gms:play-services-ads-identifier:15.0.1] AndroidManifest.xml:20:5-44
MERGED from [com.google.firebase:firebase-measurement-connector:17.0.0] AndroidManifest.xml:20:5-44
MERGED from [com.google.firebase:firebase-measurement-connector:17.0.0] AndroidManifest.xml:20:5-44
MERGED from [com.google.android.gms:play-services-basement:15.0.1] AndroidManifest.xml:20:5-44
MERGED from [com.google.android.gms:play-services-basement:15.0.1] AndroidManifest.xml:20:5-44
MERGED from [com.android.support:support-v4:27.1.1] AndroidManifest.xml:20:5-44
MERGED from [com.android.support:support-v4:27.1.1] AndroidManifest.xml:20:5-44
MERGED from [com.mikepenz:aboutlibraries:6.1.1] AndroidManifest.xml:7:5-9:41
MERGED from [com.mikepenz:aboutlibraries:6.1.1] AndroidManifest.xml:7:5-9:41
MERGED from [com.github.transferwise:sequence-layout:1.0.7] AndroidManifest.xml:7:5-9:41
MERGED from [com.github.transferwise:sequence-layout:1.0.7] AndroidManifest.xml:7:5-9:41
MERGED from [com.mikepenz:iconics-core:3.0.4] AndroidManifest.xml:7:5-9:41
MERGED from [com.mikepenz:iconics-core:3.0.4] AndroidManifest.xml:7:5-9:41
MERGED from [com.mikepenz:fastadapter:3.2.7] AndroidManifest.xml:7:5-9:41
MERGED from [com.mikepenz:fastadapter:3.2.7] AndroidManifest.xml:7:5-9:41
MERGED from [com.android.support:appcompat-v7:27.1.1] AndroidManifest.xml:20:5-44
MERGED from [com.android.support:appcompat-v7:27.1.1] AndroidManifest.xml:20:5-44
MERGED from [com.android.support:recyclerview-v7:27.1.1] AndroidManifest.xml:20:5-44
MERGED from [com.android.support:recyclerview-v7:27.1.1] AndroidManifest.xml:20:5-44
MERGED from [com.android.support:cardview-v7:27.1.1] AndroidManifest.xml:20:5-44
MERGED from [com.android.support:cardview-v7:27.1.1] AndroidManifest.xml:20:5-44
MERGED from [com.android.support:palette-v7:27.1.1] AndroidManifest.xml:20:5-44
MERGED from [com.android.support:palette-v7:27.1.1] AndroidManifest.xml:20:5-44
MERGED from [com.intuit.sdp:sdp-android:1.0.5] AndroidManifest.xml:7:5-9:41
MERGED from [com.intuit.sdp:sdp-android:1.0.5] AndroidManifest.xml:7:5-9:41
MERGED from [de.hdodenhof:circleimageview:2.0.0] AndroidManifest.xml:5:5-7:41
MERGED from [de.hdodenhof:circleimageview:2.0.0] AndroidManifest.xml:5:5-7:41
MERGED from [com.github.traex.rippleeffect:library:1.3] AndroidManifest.xml:8:5-10:41
MERGED from [com.github.traex.rippleeffect:library:1.3] AndroidManifest.xml:8:5-10:41
MERGED from [com.github.bhargavms:DotLoader:1.1.1] AndroidManifest.xml:7:5-9:41
MERGED from [com.github.bhargavms:DotLoader:1.1.1] AndroidManifest.xml:7:5-9:41
MERGED from [com.github.bumptech.glide:glide:4.7.1] AndroidManifest.xml:7:5-9:41
MERGED from [com.github.bumptech.glide:glide:4.7.1] AndroidManifest.xml:7:5-9:41
MERGED from [com.android.support:support-fragment:27.1.1] AndroidManifest.xml:20:5-44
MERGED from [com.android.support:support-fragment:27.1.1] AndroidManifest.xml:20:5-44
MERGED from [com.android.support:animated-vector-drawable:27.1.1] AndroidManifest.xml:20:5-44